Copyright 1986-2020 Xilinx, Inc. All Rights Reserved.
------------------------------------------------------------------------------------
| Tool Version : Vivado v.2020.1 (win64) Build 2902540 Wed May 27 19:54:49 MDT 2020
| Date         : Sun Dec  6 18:10:14 2020
| Host         : Neilsons running 64-bit major release  (build 9200)
| Command      : report_control_sets -verbose -file lab7_1_control_sets_placed.rpt
| Design       : lab7_1
| Device       : xc7a35t
------------------------------------------------------------------------------------

Control Set Information

Table of Contents
-----------------
1. Summary
2. Histogram
3. Flip-Flop Distribution
4. Detailed Control Set Information

1. Summary
----------

+----------------------------------------------------------+-------+
|                          Status                          | Count |
+----------------------------------------------------------+-------+
| Total control sets                                       |     7 |
|    Minimum number of control sets                        |     7 |
|    Addition due to synthesis replication                 |     0 |
|    Addition due to physical synthesis replication        |     0 |
| Unused register locations in slices containing registers |    36 |
+----------------------------------------------------------+-------+
* Control sets can be merged at opt_design using control_set_merge or merge_equivalent_drivers
** Run report_qor_suggestions for automated merging and remapping suggestions


2. Histogram
------------

+--------------------+-------+
|       Fanout       | Count |
+--------------------+-------+
| Total control sets |     7 |
| >= 0 to < 4        |     2 |
| >= 4 to < 6        |     0 |
| >= 6 to < 8        |     0 |
| >= 8 to < 10       |     1 |
| >= 10 to < 12      |     3 |
| >= 12 to < 14      |     0 |
| >= 14 to < 16      |     0 |
| >= 16              |     1 |
+--------------------+-------+
* Control sets can be remapped at either synth_design or opt_design


3. Flip-Flop Distribution
-------------------------

+--------------+-----------------------+------------------------+-----------------+--------------+
| Clock Enable | Synchronous Set/Reset | Asynchronous Set/Reset | Total Registers | Total Slices |
+--------------+-----------------------+------------------------+-----------------+--------------+
| No           | No                    | No                     |              54 |           19 |
| No           | No                    | Yes                    |               0 |            0 |
| No           | Yes                   | No                     |              12 |            6 |
| Yes          | No                    | No                     |               0 |            0 |
| Yes          | No                    | Yes                    |               8 |            3 |
| Yes          | Yes                   | No                     |              10 |            2 |
+--------------+-----------------------+------------------------+-----------------+--------------+


4. Detailed Control Set Information
-----------------------------------

+----------------------------------------+----------------------------+----------------------------------------+------------------+----------------+--------------+
|              Clock Signal              |        Enable Signal       |            Set/Reset Signal            | Slice Load Count | Bel Load Count | Bels / Slice |
+----------------------------------------+----------------------------+----------------------------------------+------------------+----------------+--------------+
|  slowed_clk_for_button/out[0]          |                            |                                        |                1 |              2 |         2.00 |
|  top_inst/clk_wiz_0_inst/CLK_BUFG      |                            | o_rst/AR[0]                            |                2 |              2 |         1.00 |
|  top_inst/clk_wiz_0_inst/num_reg[21]_0 | en_IBUF                    | o_rst/AR[0]                            |                3 |              8 |         2.67 |
|  top_inst/clk_wiz_0_inst/CLK_BUFG      |                            |                                        |                6 |             10 |         1.67 |
|  top_inst/clk_wiz_0_inst/CLK_BUFG      |                            | top_inst/vga_inst/pixel_cnt[9]_i_1_n_0 |                4 |             10 |         2.50 |
|  top_inst/clk_wiz_0_inst/CLK_BUFG      | top_inst/vga_inst/line_cnt | top_inst/vga_inst/line_cnt[9]_i_1_n_0  |                2 |             10 |         5.00 |
|  clk_IBUF_BUFG                         |                            |                                        |               12 |             42 |         3.50 |
+----------------------------------------+----------------------------+----------------------------------------+------------------+----------------+--------------+


