#-----------------------------------------------------------
# Vivado v2020.1 (64-bit)
# SW Build 2902540 on Wed May 27 19:54:49 MDT 2020
# IP Build 2902112 on Wed May 27 22:43:36 MDT 2020
# Start of session at: Tue Dec 15 10:56:38 2020
# Process ID: 15232
# Current directory: C:/Users/User/OneDrive - 清華大學/大二上/必修-邏輯設計實驗/Labs/Lab6/project_1
# Command line: vivado.exe -gui_launcher_event rodinguilauncherevent15144 C:\Users\User\OneDrive - 清華大學\大二上\必修-邏輯設計實驗\Labs\Lab6\project_1\project_1.xpr
# Log file: C:/Users/User/OneDrive - 清華大學/大二上/必修-邏輯設計實驗/Labs/Lab6/project_1/vivado.log
# Journal file: C:/Users/User/OneDrive - 清華大學/大二上/必修-邏輯設計實驗/Labs/Lab6/project_1\vivado.jou
#-----------------------------------------------------------
start_gui
open_project {C:/Users/User/OneDrive - 清華大學/大二上/必修-邏輯設計實驗/Labs/Lab6/project_1/project_1.xpr}
Scanning sources...
Finished scanning sources
INFO: [IP_Flow 19-234] Refreshing IP repositories
INFO: [IP_Flow 19-1700] Loaded user IP repository 'c:/Users/User/OneDrive - 清華大學/大二上/必修-邏輯設計實驗/Labs/Lab6/KeyboardSampleCode/KeyboardSampleCode/ip'.
INFO: [IP_Flow 19-2313] Loaded Vivado IP repository 'D:/Xilinx/Vivado/2020.1/data/ip'.
open_project: Time (s): cpu = 00:00:14 ; elapsed = 00:00:25 . Memory (MB): peak = 1025.121 ; gain = 0.000
open_hw_manager
update_compile_order -fileset sources_1
connect_hw_server -allow_non_jtag
INFO: [Labtools 27-2285] Connecting to hw_server url TCP:localhost:3121
INFO: [Labtools 27-2222] Launching hw_server...
INFO: [Labtools 27-2221] Launch Output:

****** Xilinx hw_server v2020.1
  **** Build date : May 27 2020 at 20:24:38
    ** Copyright 1986-2020 Xilinx, Inc. All Rights Reserved.


INFO: [Labtools 27-3415] Connecting to cs_server url TCP:localhost:3042
INFO: [Labtools 27-3417] Launching cs_server...
INFO: [Labtools 27-2221] Launch Output:


****** Xilinx cs_server v2020.1.0
  **** Build date : May 14 2020-09:10:29
    ** Copyright 2017-2020 Xilinx, Inc. All Rights Reserved.



connect_hw_server: Time (s): cpu = 00:00:01 ; elapsed = 00:00:11 . Memory (MB): peak = 1025.121 ; gain = 0.000
open_hw_target
INFO: [Labtoolstcl 44-466] Opening hw_target localhost:3121/xilinx_tcf/Digilent/210183711728A
open_hw_target: Time (s): cpu = 00:00:06 ; elapsed = 00:00:07 . Memory (MB): peak = 2130.480 ; gain = 1105.359
current_hw_device [get_hw_devices xc7a35t_0]
refresh_hw_device -update_hw_probes false [lindex [get_hw_devices xc7a35t_0] 0]
INFO: [Labtools 27-1435] Device xc7a35t (JTAG device index = 0) is not programmed (DONE status = 0).
reset_run synth_1
launch_runs impl_1 -to_step write_bitstream -jobs 8
INFO: [Vivado 12-4149] The synthesis checkpoint for IP 'C:/Users/User/OneDrive - 清華大學/大二上/必修-邏輯設計實驗/Labs/Lab6/project_1/project_1.srcs/sources_1/ip/KeyboardCtrl_0_1/KeyboardCtrl_0.xci' is already up-to-date
[Tue Dec 15 11:00:13 2020] Launched synth_1...
Run output will be captured here: C:/Users/User/OneDrive - 清華大學/大二上/必修-邏輯設計實驗/Labs/Lab6/project_1/project_1.runs/synth_1/runme.log
[Tue Dec 15 11:00:13 2020] Launched impl_1...
Run output will be captured here: C:/Users/User/OneDrive - 清華大學/大二上/必修-邏輯設計實驗/Labs/Lab6/project_1/project_1.runs/impl_1/runme.log
exit
INFO: [Common 17-206] Exiting Vivado at Tue Dec 15 11:02:21 2020...
