#-----------------------------------------------------------
# Vivado v2020.1 (64-bit)
# SW Build 2902540 on Wed May 27 19:54:49 MDT 2020
# IP Build 2902112 on Wed May 27 22:43:36 MDT 2020
# Start of session at: Tue Sep 29 02:52:56 2020
# Process ID: 7960
# Current directory: D:/Lab1/Lab1-3/Lab1-3
# Command line: vivado.exe -gui_launcher_event rodinguilauncherevent18744 D:\Lab1\Lab1-3\Lab1-3\Lab1-3.xpr
# Log file: D:/Lab1/Lab1-3/Lab1-3/vivado.log
# Journal file: D:/Lab1/Lab1-3/Lab1-3\vivado.jou
#-----------------------------------------------------------
start_gui
open_project D:/Lab1/Lab1-3/Lab1-3/Lab1-3.xpr
Scanning sources...
Finished scanning sources
INFO: [IP_Flow 19-234] Refreshing IP repositories
INFO: [IP_Flow 19-1704] No user IP repositories specified
INFO: [IP_Flow 19-2313] Loaded Vivado IP repository 'D:/Xilinx/Vivado/2020.1/data/ip'.
update_compile_order -fileset sources_1
close_project
open_project D:/Lab1/Lab1-2/Lab1-2/Lab1-2.xpr
Scanning sources...
Finished scanning sources
INFO: [IP_Flow 19-234] Refreshing IP repositories
INFO: [IP_Flow 19-1704] No user IP repositories specified
INFO: [IP_Flow 19-2313] Loaded Vivado IP repository 'D:/Xilinx/Vivado/2020.1/data/ip'.
update_compile_order -fileset sources_1
close_project
open_project D:/Lab1/Lab1-1/Lab1-1.xpr
Scanning sources...
Finished scanning sources
INFO: [IP_Flow 19-234] Refreshing IP repositories
INFO: [IP_Flow 19-1704] No user IP repositories specified
INFO: [IP_Flow 19-2313] Loaded Vivado IP repository 'D:/Xilinx/Vivado/2020.1/data/ip'.
update_compile_order -fileset sources_1
exit
INFO: [Common 17-206] Exiting Vivado at Tue Sep 29 02:55:16 2020...
