
*** Running vivado
    with args -log speaker.vds -m64 -product Vivado -mode batch -messageDb vivado.pb -notrace -source speaker.tcl



****** Vivado v2020.1 (64-bit)
  **** SW Build 2902540 on Wed May 27 19:54:49 MDT 2020
  **** IP Build 2902112 on Wed May 27 22:43:36 MDT 2020
    ** Copyright 1986-2020 Xilinx, Inc. All Rights Reserved.

source speaker.tcl -notrace
Command: synth_design -top speaker -part xc7a35tcpg236-1
Starting synth_design
Attempting to get a license for feature 'Synthesis' and/or device 'xc7a35t'
INFO: [Common 17-349] Got license for feature 'Synthesis' and/or device 'xc7a35t'
INFO: [Device 21-403] Loading part xc7a35tcpg236-1
INFO: [Synth 8-7079] Multithreading enabled for synth_design using a maximum of 2 processes.
INFO: [Synth 8-7078] Launching helper process for spawning children vivado processes
INFO: [Synth 8-7075] Helper process launched with PID 17620
---------------------------------------------------------------------------------
Starting RTL Elaboration : Time (s): cpu = 00:00:04 ; elapsed = 00:00:06 . Memory (MB): peak = 1025.027 ; gain = 0.000
---------------------------------------------------------------------------------
INFO: [Synth 8-6157] synthesizing module 'speaker' [D:/Logic_Design_Lab/Lab8/SoundSampleCode/speaker.v:3]
INFO: [Synth 8-6157] synthesizing module 'clock_divider' [D:/Logic_Design_Lab/Lab8/SoundSampleCode/clock_divider.v:1]
	Parameter n bound to: 22 - type: integer 
INFO: [Synth 8-6155] done synthesizing module 'clock_divider' (1#1) [D:/Logic_Design_Lab/Lab8/SoundSampleCode/clock_divider.v:1]
INFO: [Synth 8-6157] synthesizing module 'player_control' [D:/Logic_Design_Lab/Lab8/SoundSampleCode/player_control.v:1]
	Parameter LEN bound to: 128 - type: integer 
INFO: [Synth 8-6155] done synthesizing module 'player_control' (2#1) [D:/Logic_Design_Lab/Lab8/SoundSampleCode/player_control.v:1]
INFO: [Synth 8-6157] synthesizing module 'music_example' [D:/Logic_Design_Lab/Lab8/SoundSampleCode/music_example.v:12]
INFO: [Synth 8-6155] done synthesizing module 'music_example' (3#1) [D:/Logic_Design_Lab/Lab8/SoundSampleCode/music_example.v:12]
INFO: [Synth 8-6157] synthesizing module 'note_gen' [D:/Logic_Design_Lab/Lab8/SoundSampleCode/note_gen.v:1]
INFO: [Synth 8-6155] done synthesizing module 'note_gen' (4#1) [D:/Logic_Design_Lab/Lab8/SoundSampleCode/note_gen.v:1]
INFO: [Synth 8-6157] synthesizing module 'speaker_control' [D:/Logic_Design_Lab/Lab8/SoundSampleCode/speaker_control.v:1]
INFO: [Synth 8-226] default block is never used [D:/Logic_Design_Lab/Lab8/SoundSampleCode/speaker_control.v:56]
INFO: [Synth 8-6155] done synthesizing module 'speaker_control' (5#1) [D:/Logic_Design_Lab/Lab8/SoundSampleCode/speaker_control.v:1]
INFO: [Synth 8-6155] done synthesizing module 'speaker' (6#1) [D:/Logic_Design_Lab/Lab8/SoundSampleCode/speaker.v:3]
---------------------------------------------------------------------------------
Finished RTL Elaboration : Time (s): cpu = 00:00:05 ; elapsed = 00:00:07 . Memory (MB): peak = 1025.027 ; gain = 0.000
---------------------------------------------------------------------------------
---------------------------------------------------------------------------------
Start Handling Custom Attributes
---------------------------------------------------------------------------------
---------------------------------------------------------------------------------
Finished Handling Custom Attributes : Time (s): cpu = 00:00:06 ; elapsed = 00:00:08 . Memory (MB): peak = 1025.027 ; gain = 0.000
---------------------------------------------------------------------------------
---------------------------------------------------------------------------------
Finished RTL Optimization Phase 1 : Time (s): cpu = 00:00:06 ; elapsed = 00:00:08 . Memory (MB): peak = 1025.027 ; gain = 0.000
---------------------------------------------------------------------------------
Netlist sorting complete. Time (s): cpu = 00:00:00 ; elapsed = 00:00:00.007 . Memory (MB): peak = 1025.027 ; gain = 0.000
INFO: [Project 1-570] Preparing netlist for logic optimization

Processing XDC Constraints
Initializing timing engine
Parsing XDC File [D:/Logic_Design_Lab/Lab8/SoundSampleCode/speaker.xdc]
Finished Parsing XDC File [D:/Logic_Design_Lab/Lab8/SoundSampleCode/speaker.xdc]
INFO: [Project 1-236] Implementation specific constraints were found while reading constraint file [D:/Logic_Design_Lab/Lab8/SoundSampleCode/speaker.xdc]. These constraints will be ignored for synthesis but will be used in implementation. Impacted constraints are listed in the file [.Xil/speaker_propImpl.xdc].
Resolution: To avoid this warning, move constraints listed in [.Xil/speaker_propImpl.xdc] to another XDC file and exclude this new file from synthesis with the used_in_synthesis property (File Properties dialog in GUI) and re-run elaboration/synthesis.
Completed Processing XDC Constraints

Netlist sorting complete. Time (s): cpu = 00:00:00 ; elapsed = 00:00:00 . Memory (MB): peak = 1025.027 ; gain = 0.000
INFO: [Project 1-111] Unisim Transformation Summary:
No Unisim elements were transformed.

Constraint Validation Runtime : Time (s): cpu = 00:00:00 ; elapsed = 00:00:00.007 . Memory (MB): peak = 1025.027 ; gain = 0.000
---------------------------------------------------------------------------------
Finished Constraint Validation : Time (s): cpu = 00:00:12 ; elapsed = 00:00:15 . Memory (MB): peak = 1025.027 ; gain = 0.000
---------------------------------------------------------------------------------
---------------------------------------------------------------------------------
Start Loading Part and Timing Information
---------------------------------------------------------------------------------
Loading part: xc7a35tcpg236-1
---------------------------------------------------------------------------------
Finished Loading Part and Timing Information : Time (s): cpu = 00:00:12 ; elapsed = 00:00:15 . Memory (MB): peak = 1025.027 ; gain = 0.000
---------------------------------------------------------------------------------
---------------------------------------------------------------------------------
Start Applying 'set_property' XDC Constraints
---------------------------------------------------------------------------------
---------------------------------------------------------------------------------
Finished applying 'set_property' XDC Constraints : Time (s): cpu = 00:00:12 ; elapsed = 00:00:15 . Memory (MB): peak = 1025.027 ; gain = 0.000
---------------------------------------------------------------------------------
---------------------------------------------------------------------------------
Finished RTL Optimization Phase 2 : Time (s): cpu = 00:00:12 ; elapsed = 00:00:15 . Memory (MB): peak = 1025.027 ; gain = 0.000
---------------------------------------------------------------------------------
---------------------------------------------------------------------------------
Start RTL Component Statistics 
---------------------------------------------------------------------------------
Detailed RTL Component Info : 
+---Adders : 
	   2 Input   13 Bit       Adders := 1     
	   2 Input    9 Bit       Adders := 1     
	   2 Input    7 Bit       Adders := 1     
+---Registers : 
	               16 Bit    Registers := 2     
	               12 Bit    Registers := 1     
	                9 Bit    Registers := 1     
	                1 Bit    Registers := 2     
+---Muxes : 
	   2 Input   32 Bit        Muxes := 2     
	 130 Input   26 Bit        Muxes := 2     
	   2 Input   16 Bit        Muxes := 4     
	   2 Input    7 Bit        Muxes := 1     
---------------------------------------------------------------------------------
Finished RTL Component Statistics 
---------------------------------------------------------------------------------
---------------------------------------------------------------------------------
Start Part Resource Summary
---------------------------------------------------------------------------------
Part Resources:
DSPs: 90 (col length:60)
BRAMs: 100 (col length: RAMB18 60 RAMB36 30)
---------------------------------------------------------------------------------
Finished Part Resource Summary
---------------------------------------------------------------------------------
---------------------------------------------------------------------------------
Start Cross Boundary and Area Optimization
---------------------------------------------------------------------------------
---------------------------------------------------------------------------------
Finished Cross Boundary and Area Optimization : Time (s): cpu = 00:00:16 ; elapsed = 00:00:19 . Memory (MB): peak = 1025.027 ; gain = 0.000
---------------------------------------------------------------------------------
---------------------------------------------------------------------------------
Start Applying XDC Timing Constraints
---------------------------------------------------------------------------------
---------------------------------------------------------------------------------
Finished Applying XDC Timing Constraints : Time (s): cpu = 00:00:24 ; elapsed = 00:00:27 . Memory (MB): peak = 1025.027 ; gain = 0.000
---------------------------------------------------------------------------------
---------------------------------------------------------------------------------
Start Timing Optimization
---------------------------------------------------------------------------------
---------------------------------------------------------------------------------
Finished Timing Optimization : Time (s): cpu = 00:00:24 ; elapsed = 00:00:27 . Memory (MB): peak = 1025.027 ; gain = 0.000
---------------------------------------------------------------------------------
---------------------------------------------------------------------------------
Start Technology Mapping
---------------------------------------------------------------------------------
---------------------------------------------------------------------------------
Finished Technology Mapping : Time (s): cpu = 00:00:25 ; elapsed = 00:00:28 . Memory (MB): peak = 1044.004 ; gain = 18.977
---------------------------------------------------------------------------------
---------------------------------------------------------------------------------
Start IO Insertion
---------------------------------------------------------------------------------
---------------------------------------------------------------------------------
Start Flattening Before IO Insertion
---------------------------------------------------------------------------------
---------------------------------------------------------------------------------
Finished Flattening Before IO Insertion
---------------------------------------------------------------------------------
---------------------------------------------------------------------------------
Start Final Netlist Cleanup
---------------------------------------------------------------------------------
---------------------------------------------------------------------------------
Finished Final Netlist Cleanup
---------------------------------------------------------------------------------
---------------------------------------------------------------------------------
Finished IO Insertion : Time (s): cpu = 00:00:29 ; elapsed = 00:00:32 . Memory (MB): peak = 1050.371 ; gain = 25.344
---------------------------------------------------------------------------------
---------------------------------------------------------------------------------
Start Renaming Generated Instances
---------------------------------------------------------------------------------
---------------------------------------------------------------------------------
Finished Renaming Generated Instances : Time (s): cpu = 00:00:29 ; elapsed = 00:00:32 . Memory (MB): peak = 1050.371 ; gain = 25.344
---------------------------------------------------------------------------------
---------------------------------------------------------------------------------
Start Rebuilding User Hierarchy
---------------------------------------------------------------------------------
---------------------------------------------------------------------------------
Finished Rebuilding User Hierarchy : Time (s): cpu = 00:00:29 ; elapsed = 00:00:32 . Memory (MB): peak = 1050.371 ; gain = 25.344
---------------------------------------------------------------------------------
---------------------------------------------------------------------------------
Start Renaming Generated Ports
---------------------------------------------------------------------------------
---------------------------------------------------------------------------------
Finished Renaming Generated Ports : Time (s): cpu = 00:00:29 ; elapsed = 00:00:32 . Memory (MB): peak = 1050.371 ; gain = 25.344
---------------------------------------------------------------------------------
---------------------------------------------------------------------------------
Start Handling Custom Attributes
---------------------------------------------------------------------------------
---------------------------------------------------------------------------------
Finished Handling Custom Attributes : Time (s): cpu = 00:00:29 ; elapsed = 00:00:32 . Memory (MB): peak = 1050.371 ; gain = 25.344
---------------------------------------------------------------------------------
---------------------------------------------------------------------------------
Start Renaming Generated Nets
---------------------------------------------------------------------------------
---------------------------------------------------------------------------------
Finished Renaming Generated Nets : Time (s): cpu = 00:00:29 ; elapsed = 00:00:32 . Memory (MB): peak = 1050.371 ; gain = 25.344
---------------------------------------------------------------------------------
---------------------------------------------------------------------------------
Start Writing Synthesis Report
---------------------------------------------------------------------------------

Report BlackBoxes: 
+-+--------------+----------+
| |BlackBox name |Instances |
+-+--------------+----------+
+-+--------------+----------+

Report Cell Usage: 
+------+-------+------+
|      |Cell   |Count |
+------+-------+------+
|1     |BUFG   |     1|
|2     |CARRY4 |   479|
|3     |LUT1   |    60|
|4     |LUT2   |   650|
|5     |LUT3   |   787|
|6     |LUT4   |   125|
|7     |LUT5   |    85|
|8     |LUT6   |    70|
|9     |MUXF7  |     1|
|10    |FDCE   |    66|
|11    |FDRE   |    22|
|12    |IBUF   |     3|
|13    |OBUF   |    31|
+------+-------+------+
---------------------------------------------------------------------------------
Finished Writing Synthesis Report : Time (s): cpu = 00:00:29 ; elapsed = 00:00:32 . Memory (MB): peak = 1050.371 ; gain = 25.344
---------------------------------------------------------------------------------
Synthesis finished with 0 errors, 0 critical warnings and 0 warnings.
Synthesis Optimization Runtime : Time (s): cpu = 00:00:21 ; elapsed = 00:00:30 . Memory (MB): peak = 1050.371 ; gain = 25.344
Synthesis Optimization Complete : Time (s): cpu = 00:00:29 ; elapsed = 00:00:32 . Memory (MB): peak = 1050.371 ; gain = 25.344
INFO: [Project 1-571] Translating synthesized netlist
Netlist sorting complete. Time (s): cpu = 00:00:01 ; elapsed = 00:00:00.071 . Memory (MB): peak = 1050.371 ; gain = 0.000
INFO: [Netlist 29-17] Analyzing 480 Unisim elements for replacement
INFO: [Netlist 29-28] Unisim Transformation completed in 0 CPU seconds
INFO: [Project 1-570] Preparing netlist for logic optimization
INFO: [Opt 31-138] Pushed 0 inverter(s) to 0 load pin(s).
Netlist sorting complete. Time (s): cpu = 00:00:00 ; elapsed = 00:00:00.001 . Memory (MB): peak = 1050.535 ; gain = 0.000
INFO: [Project 1-111] Unisim Transformation Summary:
No Unisim elements were transformed.

INFO: [Common 17-83] Releasing license: Synthesis
28 Infos, 0 Warnings, 0 Critical Warnings and 0 Errors encountered.
synth_design completed successfully
synth_design: Time (s): cpu = 00:00:36 ; elapsed = 00:00:47 . Memory (MB): peak = 1050.535 ; gain = 25.508
INFO: [Common 17-1381] The checkpoint 'D:/Logic_Design_Lab/Lab8/SoundSampleCode/project_1/project_1.runs/synth_1/speaker.dcp' has been generated.
INFO: [runtcl-4] Executing : report_utilization -file speaker_utilization_synth.rpt -pb speaker_utilization_synth.pb
INFO: [Common 17-206] Exiting Vivado at Tue Dec 15 23:27:06 2020...
